This is pdfTeX, Version 3.141592653-2.6-1.40.25 (TeX Live 2023) (preloaded format=pdflatex 2025.8.22)  21 OCT 2025 09:50
entering extended mode
 restricted \write18 enabled.
 %&-line parsing enabled.
**comparisons2_2var.tex
(./comparisons2_2var.tex
LaTeX2e <2022-11-01> patch level 1
L3 programming layer <2023-02-22>
(/usr/share/texlive/texmf-dist/tex/latex/base/article.cls
Document Class: article 2022/07/02 v1.4n Standard LaTeX document class
(/usr/share/texlive/texmf-dist/tex/latex/base/size10.clo
File: size10.clo 2022/07/02 v1.4n Standard LaTeX file (size option)
)
\c@part=\count185
\c@section=\count186
\c@subsection=\count187
\c@subsubsection=\count188
\c@paragraph=\count189
\c@subparagraph=\count190
\c@figure=\count191
\c@table=\count192
\abovecaptionskip=\skip48
\belowcaptionskip=\skip49
\bibindent=\dimen140
)
(/usr/share/texlive/texmf-dist/tex/latex/float/float.sty
Package: float 2001/11/08 v1.3d Float enhancements (AL)
\c@float@type=\count193
\float@exts=\toks16
\float@box=\box51
\@float@everytoks=\toks17
\@floatcapt=\box52
)
(/usr/share/texlive/texmf-dist/tex/latex/graphics/graphicx.sty
Package: graphicx 2021/09/16 v1.2d Enhanced LaTeX Graphics (DPC,SPQR)

(/usr/share/texlive/texmf-dist/tex/latex/graphics/keyval.sty
Package: keyval 2022/05/29 v1.15 key=value parser (DPC)
\KV@toks@=\toks18
)
(/usr/share/texlive/texmf-dist/tex/latex/graphics/graphics.sty
Package: graphics 2022/03/10 v1.4e Standard LaTeX Graphics (DPC,SPQR)

(/usr/share/texlive/texmf-dist/tex/latex/graphics/trig.sty
Package: trig 2021/08/11 v1.11 sin cos tan (DPC)
)
(/usr/share/texlive/texmf-dist/tex/latex/graphics-cfg/graphics.cfg
File: graphics.cfg 2016/06/04 v1.11 sample graphics configuration
)
Package graphics Info: Driver file: pdftex.def on input line 107.

(/usr/share/texlive/texmf-dist/tex/latex/graphics-def/pdftex.def
File: pdftex.def 2022/09/22 v1.2b Graphics/color driver for pdftex
))
\Gin@req@height=\dimen141
\Gin@req@width=\dimen142
)
(/usr/share/texlive/texmf-dist/tex/latex/l3backend/l3backend-pdftex.def
File: l3backend-pdftex.def 2023-01-16 L3 backend support: PDF output (pdfTeX)
\l__color_backend_stack_int=\count194
\l__pdf_internal_box=\box53
)
(./comparisons2_2var.aux)
\openout1 = `comparisons2_2var.aux'.

LaTeX Font Info:    Checking defaults for OML/cmm/m/it on input line 10.
LaTeX Font Info:    ... okay on input line 10.
LaTeX Font Info:    Checking defaults for OMS/cmsy/m/n on input line 10.
LaTeX Font Info:    ... okay on input line 10.
LaTeX Font Info:    Checking defaults for OT1/cmr/m/n on input line 10.
LaTeX Font Info:    ... okay on input line 10.
LaTeX Font Info:    Checking defaults for T1/cmr/m/n on input line 10.
LaTeX Font Info:    ... okay on input line 10.
LaTeX Font Info:    Checking defaults for TS1/cmr/m/n on input line 10.
LaTeX Font Info:    ... okay on input line 10.
LaTeX Font Info:    Checking defaults for OMX/cmex/m/n on input line 10.
LaTeX Font Info:    ... okay on input line 10.
LaTeX Font Info:    Checking defaults for U/cmr/m/n on input line 10.
LaTeX Font Info:    ... okay on input line 10.

(/usr/share/texlive/texmf-dist/tex/context/base/mkii/supp-pdf.mkii
[Loading MPS to PDF converter (version 2006.09.02).]
\scratchcounter=\count195
\scratchdimen=\dimen143
\scratchbox=\box54
\nofMPsegments=\count196
\nofMParguments=\count197
\everyMPshowfont=\toks19
\MPscratchCnt=\count198
\MPscratchDim=\dimen144
\MPnumerator=\count199
\makeMPintoPDFobject=\count266
\everyMPtoPDFconversion=\toks20
) (/usr/share/texlive/texmf-dist/tex/latex/epstopdf-pkg/epstopdf-base.sty
Package: epstopdf-base 2020-01-24 v2.11 Base part for package epstopdf
Package epstopdf-base Info: Redefining graphics rule for `.eps' on input line 4
85.

(/usr/share/texlive/texmf-dist/tex/latex/latexconfig/epstopdf-sys.cfg
File: epstopdf-sys.cfg 2010/07/13 v1.3 Configuration of (r)epstopdf for TeX Liv
e
))
LaTeX Font Info:    External font `cmex10' loaded for size
(Font)              <12> on input line 12.
LaTeX Font Info:    External font `cmex10' loaded for size
(Font)              <8> on input line 12.
LaTeX Font Info:    External font `cmex10' loaded for size
(Font)              <6> on input line 12.
LaTeX Font Info:    External font `cmex10' loaded for size
(Font)              <14.4> on input line 16.
LaTeX Font Info:    External font `cmex10' loaded for size
(Font)              <7> on input line 16.
LaTeX Font Info:    External font `cmex10' loaded for size
(Font)              <5> on input line 18.

Underfull \vbox (badness 10000) has occurred while \output is active []


Overfull \hbox (13.02823pt too wide) in paragraph at lines 72--87
[][] 
 []


Overfull \hbox (13.02823pt too wide) in paragraph at lines 90--103
[][] 
 []


Underfull \vbox (badness 10000) has occurred while \output is active []

 [1{/var/lib/texmf/fonts/map/pdftex/updmap/pdftex.map}


]
Overfull \hbox (13.02823pt too wide) in paragraph at lines 133--140
[][] 
 []


Overfull \hbox (13.02823pt too wide) in paragraph at lines 191--206
[][] 
 []


Overfull \hbox (13.02823pt too wide) in paragraph at lines 209--222
[][] 
 []


Overfull \hbox (13.02823pt too wide) in paragraph at lines 251--258
[][] 
 []

[2]
<plots/cscv_comp_fermi_result.png, id=19, 560.0925pt x 313.6518pt>
File: plots/cscv_comp_fermi_result.png Graphic file (type png)
<use plots/cscv_comp_fermi_result.png>
Package pdftex.def Info: plots/cscv_comp_fermi_result.png  used on input line 2
84.
(pdftex.def)             Requested size: 229.5pt x 128.52148pt.

Overfull \hbox (13.02823pt too wide) in paragraph at lines 301--320
[][] 
 []


Overfull \hbox (13.02823pt too wide) in paragraph at lines 324--341
[][] 
 []


Underfull \vbox (badness 10000) has occurred while \output is active []

 [3 <./plots/cscv_comp_fermi_result.png>]
Overfull \hbox (13.02823pt too wide) in paragraph at lines 378--389
[][] 
 []


Overfull \hbox (13.02823pt too wide) in paragraph at lines 421--440
[][] 
 []


Overfull \hbox (13.02823pt too wide) in paragraph at lines 444--461
[][] 
 []


Overfull \hbox (13.02823pt too wide) in paragraph at lines 498--509
[][] 
 []

[4]
Overfull \hbox (62.64952pt too wide) detected at line 548
\OML/cmm/m/it/10 c \OT1/cmr/m/n/10 = []\OML/cmm/m/it/10 Im\OT1/cmr/m/n/10 (\OML
/cmm/m/it/10 C[][] \OT1/cmr/m/n/10 + \OML/cmm/m/it/10 C[][]\OT1/cmr/m/n/10 )^^C
[][]
 []

<plots/ctca_comp_gt2_result.png, id=29, 560.0925pt x 313.6518pt>
File: plots/ctca_comp_gt2_result.png Graphic file (type png)
<use plots/ctca_comp_gt2_result.png>
Package pdftex.def Info: plots/ctca_comp_gt2_result.png  used on input line 552
.
(pdftex.def)             Requested size: 229.5pt x 128.52148pt.
[5 <./plots/ctca_comp_gt2_result.png>] (./comparisons2_2var.aux) ) 
Here is how much of TeX's memory you used:
 1408 strings out of 476041
 23607 string characters out of 5793174
 1916388 words of memory out of 6000000
 21889 multiletter control sequences out of 15000+600000
 517776 words of font info for 50 fonts, out of 8000000 for 9000
 1137 hyphenation exceptions out of 8191
 57i,9n,62p,570b,221s stack positions out of 10000i,1000n,20000p,200000b,200000s
</usr/share/t
exlive/texmf-dist/fonts/type1/public/amsfonts/cm/cmbx10.pfb></usr/share/texlive
/texmf-dist/fonts/type1/public/amsfonts/cm/cmbx12.pfb></usr/share/texlive/texmf
-dist/fonts/type1/public/amsfonts/cm/cmex10.pfb></usr/share/texlive/texmf-dist/
fonts/type1/public/amsfonts/cm/cmmi10.pfb></usr/share/texlive/texmf-dist/fonts/
type1/public/amsfonts/cm/cmmi12.pfb></usr/share/texlive/texmf-dist/fonts/type1/
public/amsfonts/cm/cmmi5.pfb></usr/share/texlive/texmf-dist/fonts/type1/public/
amsfonts/cm/cmmi7.pfb></usr/share/texlive/texmf-dist/fonts/type1/public/amsfont
s/cm/cmr10.pfb></usr/share/texlive/texmf-dist/fonts/type1/public/amsfonts/cm/cm
r12.pfb></usr/share/texlive/texmf-dist/fonts/type1/public/amsfonts/cm/cmr7.pfb>
</usr/share/texlive/texmf-dist/fonts/type1/public/amsfonts/cm/cmsy10.pfb></usr/
share/texlive/texmf-dist/fonts/type1/public/amsfonts/cm/cmsy7.pfb>
Output written on comparisons2_2var.pdf (5 pages, 193119 bytes).
PDF statistics:
 85 PDF objects out of 1000 (max. 8388607)
 49 compressed objects within 1 object stream
 0 named destinations out of 1000 (max. 500000)
 11 words of extra memory for PDF output out of 10000 (max. 10000000)

