This is pdfTeX, Version 3.141592653-2.6-1.40.25 (TeX Live 2023/Debian) (preloaded format=pdflatex 2024.9.2)  30 SEP 2025 16:41
entering extended mode
 restricted \write18 enabled.
 %&-line parsing enabled.
**comparisons_2var.tex
(./comparisons_2var.tex
LaTeX2e <2023-11-01> patch level 1
L3 programming layer <2024-01-22>
(/usr/share/texlive/texmf-dist/tex/latex/base/article.cls
Document Class: article 2023/05/17 v1.4n Standard LaTeX document class
(/usr/share/texlive/texmf-dist/tex/latex/base/size10.clo
File: size10.clo 2023/05/17 v1.4n Standard LaTeX file (size option)
)
\c@part=\count187
\c@section=\count188
\c@subsection=\count189
\c@subsubsection=\count190
\c@paragraph=\count191
\c@subparagraph=\count192
\c@figure=\count193
\c@table=\count194
\abovecaptionskip=\skip48
\belowcaptionskip=\skip49
\bibindent=\dimen140
)
(/usr/share/texlive/texmf-dist/tex/latex/float/float.sty
Package: float 2001/11/08 v1.3d Float enhancements (AL)
\c@float@type=\count195
\float@exts=\toks17
\float@box=\box51
\@float@everytoks=\toks18
\@floatcapt=\box52
)
(/usr/share/texlive/texmf-dist/tex/latex/graphics/graphicx.sty
Package: graphicx 2021/09/16 v1.2d Enhanced LaTeX Graphics (DPC,SPQR)

(/usr/share/texlive/texmf-dist/tex/latex/graphics/keyval.sty
Package: keyval 2022/05/29 v1.15 key=value parser (DPC)
\KV@toks@=\toks19
)
(/usr/share/texlive/texmf-dist/tex/latex/graphics/graphics.sty
Package: graphics 2022/03/10 v1.4e Standard LaTeX Graphics (DPC,SPQR)

(/usr/share/texlive/texmf-dist/tex/latex/graphics/trig.sty
Package: trig 2021/08/11 v1.11 sin cos tan (DPC)
)
(/usr/share/texlive/texmf-dist/tex/latex/graphics-cfg/graphics.cfg
File: graphics.cfg 2016/06/04 v1.11 sample graphics configuration
)
Package graphics Info: Driver file: pdftex.def on input line 107.

(/usr/share/texlive/texmf-dist/tex/latex/graphics-def/pdftex.def
File: pdftex.def 2022/09/22 v1.2b Graphics/color driver for pdftex
))
\Gin@req@height=\dimen141
\Gin@req@width=\dimen142
)
(/usr/share/texlive/texmf-dist/tex/latex/l3backend/l3backend-pdftex.def
File: l3backend-pdftex.def 2024-01-04 L3 backend support: PDF output (pdfTeX)
\l__color_backend_stack_int=\count196
\l__pdf_internal_box=\box53
)
(./comparisons_2var.aux)
\openout1 = `comparisons_2var.aux'.

LaTeX Font Info:    Checking defaults for OML/cmm/m/it on input line 10.
LaTeX Font Info:    ... okay on input line 10.
LaTeX Font Info:    Checking defaults for OMS/cmsy/m/n on input line 10.
LaTeX Font Info:    ... okay on input line 10.
LaTeX Font Info:    Checking defaults for OT1/cmr/m/n on input line 10.
LaTeX Font Info:    ... okay on input line 10.
LaTeX Font Info:    Checking defaults for T1/cmr/m/n on input line 10.
LaTeX Font Info:    ... okay on input line 10.
LaTeX Font Info:    Checking defaults for TS1/cmr/m/n on input line 10.
LaTeX Font Info:    ... okay on input line 10.
LaTeX Font Info:    Checking defaults for OMX/cmex/m/n on input line 10.
LaTeX Font Info:    ... okay on input line 10.
LaTeX Font Info:    Checking defaults for U/cmr/m/n on input line 10.
LaTeX Font Info:    ... okay on input line 10.

(/usr/share/texlive/texmf-dist/tex/context/base/mkii/supp-pdf.mkii
[Loading MPS to PDF converter (version 2006.09.02).]
\scratchcounter=\count197
\scratchdimen=\dimen143
\scratchbox=\box54
\nofMPsegments=\count198
\nofMParguments=\count199
\everyMPshowfont=\toks20
\MPscratchCnt=\count266
\MPscratchDim=\dimen144
\MPnumerator=\count267
\makeMPintoPDFobject=\count268
\everyMPtoPDFconversion=\toks21
) (/usr/share/texlive/texmf-dist/tex/latex/epstopdf-pkg/epstopdf-base.sty
Package: epstopdf-base 2020-01-24 v2.11 Base part for package epstopdf
Package epstopdf-base Info: Redefining graphics rule for `.eps' on input line 4
85.

(/usr/share/texlive/texmf-dist/tex/latex/latexconfig/epstopdf-sys.cfg
File: epstopdf-sys.cfg 2010/07/13 v1.3 Configuration of (r)epstopdf for TeX Liv
e
))
LaTeX Font Info:    External font `cmex10' loaded for size
(Font)              <12> on input line 12.
LaTeX Font Info:    External font `cmex10' loaded for size
(Font)              <8> on input line 12.
LaTeX Font Info:    External font `cmex10' loaded for size
(Font)              <6> on input line 12.
LaTeX Font Info:    External font `cmex10' loaded for size
(Font)              <14.4> on input line 16.
LaTeX Font Info:    External font `cmex10' loaded for size
(Font)              <7> on input line 16.
LaTeX Font Info:    External font `cmex10' loaded for size
(Font)              <5> on input line 18.

Overfull \hbox (0.66708pt too wide) in paragraph at lines 31--50
[][] 
 []


Overfull \hbox (0.66708pt too wide) in paragraph at lines 54--71
[][] 
 []


Underfull \vbox (badness 10000) has occurred while \output is active []

 [1{/var/lib/texmf/fonts/map/pdftex/updmap/pdftex.map}


]
Overfull \hbox (0.66708pt too wide) in paragraph at lines 108--119
[][] 
 []


Overfull \hbox (0.66708pt too wide) in paragraph at lines 151--170
[][] 
 []


Overfull \hbox (0.66708pt too wide) in paragraph at lines 173--190
[][] 
 []


Overfull \hbox (0.66708pt too wide) in paragraph at lines 227--238
[][] 
 []

[2]
<plots/ctcap_real_gt_result.png, id=19, 552.1428pt x 313.6518pt>
File: plots/ctcap_real_gt_result.png Graphic file (type png)
<use plots/ctcap_real_gt_result.png>
Package pdftex.def Info: plots/ctcap_real_gt_result.png  used on input line 301
.
(pdftex.def)             Requested size: 229.5pt x 130.36885pt.
File: plots/ctcap_real_gt_result.png Graphic file (type png)
<use plots/ctcap_real_gt_result.png>
Package pdftex.def Info: plots/ctcap_real_gt_result.png  used on input line 315
.
(pdftex.def)             Requested size: 229.5pt x 130.36885pt.
 [3 <./plots/ctcap_real_gt_result.png>]
<plots/ctcap_comp_gt_result.png, id=27, 560.0925pt x 313.6518pt>
File: plots/ctcap_comp_gt_result.png Graphic file (type png)
<use plots/ctcap_comp_gt_result.png>
Package pdftex.def Info: plots/ctcap_comp_gt_result.png  used on input line 329
.
(pdftex.def)             Requested size: 229.5pt x 128.52148pt.
File: plots/ctcap_comp_gt_result.png Graphic file (type png)
<use plots/ctcap_comp_gt_result.png>
Package pdftex.def Info: plots/ctcap_comp_gt_result.png  used on input line 344
.
(pdftex.def)             Requested size: 229.5pt x 128.52148pt.
 [4 <./plots/ctcap_comp_gt_result.png>]
Underfull \vbox (badness 1796) has occurred while \output is active []


Underfull \vbox (badness 10000) has occurred while \output is active []

 [5]
[6]
<plots/ctcap_real_mixed_result.png, id=38, 543.4704pt x 313.6518pt>
File: plots/ctcap_real_mixed_result.png Graphic file (type png)
<use plots/ctcap_real_mixed_result.png>
Package pdftex.def Info: plots/ctcap_real_mixed_result.png  used on input line 
654.
(pdftex.def)             Requested size: 229.5pt x 132.45073pt.
 [7 <./plots/ctcap_real_mixed_result.png>]
<plots/ctcap_comp_mixed_result.png, id=44, 551.4201pt x 313.6518pt>
File: plots/ctcap_comp_mixed_result.png Graphic file (type png)
<use plots/ctcap_comp_mixed_result.png>
Package pdftex.def Info: plots/ctcap_comp_mixed_result.png  used on input line 
668.
(pdftex.def)             Requested size: 229.5pt x 130.54115pt.
<plots/cscap_real_mixed_result.png, id=45, 552.1428pt x 313.6518pt>
File: plots/cscap_real_mixed_result.png Graphic file (type png)
<use plots/cscap_real_mixed_result.png>
Package pdftex.def Info: plots/cscap_real_mixed_result.png  used on input line 
682.
(pdftex.def)             Requested size: 229.5pt x 130.36885pt.
<plots/csca_real_mixed_result.png, id=46, 560.0925pt x 313.6518pt>
File: plots/csca_real_mixed_result.png Graphic file (type png)
<use plots/csca_real_mixed_result.png>
Package pdftex.def Info: plots/csca_real_mixed_result.png  used on input line 6
97.
(pdftex.def)             Requested size: 229.5pt x 128.52148pt.
 [8 <./plots/ctcap_comp_mixed_result.png> <./plots/cscap_real_mixed_result.png>
 <./plots/csca_real_mixed_result.png>]
<plots/cscap_comp_mixed_result.png, id=53, 551.4201pt x 313.6518pt>
File: plots/cscap_comp_mixed_result.png Graphic file (type png)
<use plots/cscap_comp_mixed_result.png>
Package pdftex.def Info: plots/cscap_comp_mixed_result.png  used on input line 
712.
(pdftex.def)             Requested size: 229.5pt x 130.54115pt.
 [9

 <./plots/cscap_comp_mixed_result.png>] (./comparisons_2var.aux)
 ***********
LaTeX2e <2023-11-01> patch level 1
L3 programming layer <2024-01-22>
 ***********
 ) 
Here is how much of TeX's memory you used:
 1424 strings out of 476064
 24343 string characters out of 5792854
 1984975 words of memory out of 5000000
 23474 multiletter control sequences out of 15000+600000
 562939 words of font info for 52 fonts, out of 8000000 for 9000
 81 hyphenation exceptions out of 8191
 57i,9n,65p,477b,224s stack positions out of 10000i,1000n,20000p,200000b,200000s
</usr/share/texlive/texmf-dist/fonts/type1/public/amsfonts/cm/cmbx10.pfb></us
r/share/texlive/texmf-dist/fonts/type1/public/amsfonts/cm/cmbx12.pfb></usr/shar
e/texlive/texmf-dist/fonts/type1/public/amsfonts/cm/cmex10.pfb></usr/share/texl
ive/texmf-dist/fonts/type1/public/amsfonts/cm/cmmi10.pfb></usr/share/texlive/te
xmf-dist/fonts/type1/public/amsfonts/cm/cmmi12.pfb></usr/share/texlive/texmf-di
st/fonts/type1/public/amsfonts/cm/cmmi5.pfb></usr/share/texlive/texmf-dist/font
s/type1/public/amsfonts/cm/cmmi7.pfb></usr/share/texlive/texmf-dist/fonts/type1
/public/amsfonts/cm/cmr10.pfb></usr/share/texlive/texmf-dist/fonts/type1/public
/amsfonts/cm/cmr12.pfb></usr/share/texlive/texmf-dist/fonts/type1/public/amsfon
ts/cm/cmr7.pfb></usr/share/texlive/texmf-dist/fonts/type1/public/amsfonts/cm/cm
sy10.pfb></usr/share/texlive/texmf-dist/fonts/type1/public/amsfonts/cm/cmsy7.pf
b>
Output written on comparisons_2var.pdf (9 pages, 308643 bytes).
PDF statistics:
 109 PDF objects out of 1000 (max. 8388607)
 59 compressed objects within 1 object stream
 0 named destinations out of 1000 (max. 500000)
 36 words of extra memory for PDF output out of 10000 (max. 10000000)

